Arguments: 
  C:\Program Files\nodejs\node.exe C:\Users\carlos xavier\AppData\Roaming\npm\node_modules\yarn\bin\yarn.js add @typescript-eslint/parser @typescript-eslint/eslint-plugin eslint-config-prettier eslint-plugin-import eslint-plugin-prettier eslint-plugin-react eslint-plugin-react-hooks eslint-plugin-unused-imports --dev --exact

PATH: 
  C:\Users\carlos xavier\bin;C:\Program Files\Git\mingw64\bin;C:\Program Files\Git\usr\local\bin;C:\Program Files\Git\usr\bin;C:\Program Files\Git\usr\bin;C:\Program Files\Git\mingw64\bin;C:\Program Files\Git\usr\bin;C:\Users\carlos xavier\bin;C:\Program Files (x86)\Common Files\Oracle\Java\javapath;C:\Python311\Scripts;C:\Python311;C:\WINDOWS\system32;C:\WINDOWS;C:\WINDOWS\System32\Wbem;C:\WINDOWS\System32\WindowsPowerShell\v1.0;C:\WINDOWS\System32\OpenSSH;C:\Program Files\nodejs;C:\ProgramData\chocolatey\bin;C:\Program Files\Git\cmd;C:\Users\carlos xavier\.console-ninja\.bin;C:\Users\carlos xavier\AppData\Local\Microsoft\WindowsApps;C:\Users\carlos xavier\AppData\Roaming\npm;C:\Users\carlos xavier\AppData\Local\Programs\Microsoft VS Code\bin;C:\Users\carlos xavier\AppData\Local\Programs\oh-my-posh\bin;C:\tools\neovim\nvim-win64\bin;C:\Users\carlos xavier\AppData\Local\Microsoft\WindowsApps;C:\Program Files\Git\usr\bin\vendor_perl;C:\Program Files\Git\usr\bin\core_perl

Yarn version: 
  1.22.19

Node version: 
  18.16.0

Platform: 
  win32 x64

Trace: 
  SyntaxError: C:\Users\carlos xavier\Documents\program\monorepo-config-with-tailwind\packages\eslint-config-custom\package.json: Unexpected end of JSON input
      at JSON.parse (<anonymous>)
      at C:\Users\carlos xavier\AppData\Roaming\npm\node_modules\yarn\lib\cli.js:1629:59
      at Generator.next (<anonymous>)
      at step (C:\Users\carlos xavier\AppData\Roaming\npm\node_modules\yarn\lib\cli.js:310:30)
      at C:\Users\carlos xavier\AppData\Roaming\npm\node_modules\yarn\lib\cli.js:321:13

npm manifest: 
  

yarn manifest: 
  No manifest

Lockfile: 
  No lockfile
